BEGIN (implicit)
SELECT itens.id AS itens_id, itens."Visivel" AS "itens_Visivel", itens."Ca" AS "itens_Ca", itens."CodUnico" AS "itens_CodUnico", itens."TipoEpi" AS "itens_TipoEpi", itens."Dono" AS "itens_Dono", itens."Usos" AS "itens_Usos", itens."DataDescarte" AS "itens_DataDescarte", itens."DataDevolucao" AS "itens_DataDevolucao", itens."Descartado" AS "itens_Descartado", itens."InventarioId" AS "itens_InventarioId", itens."DataDeletar" AS "itens_DataDeletar" 
FROM itens 
WHERE itens."Visivel" = 1
[generated in 0.00052s] ()
SELECT itens.id AS itens_id, itens."Visivel" AS "itens_Visivel", itens."Ca" AS "itens_Ca", itens."CodUnico" AS "itens_CodUnico", itens."TipoEpi" AS "itens_TipoEpi", itens."Dono" AS "itens_Dono", itens."Usos" AS "itens_Usos", itens."DataDescarte" AS "itens_DataDescarte", itens."DataDevolucao" AS "itens_DataDevolucao", itens."Descartado" AS "itens_Descartado", itens."InventarioId" AS "itens_InventarioId", itens."DataDeletar" AS "itens_DataDeletar" 
FROM itens 
WHERE itens."Visivel" = 1
[cached since 0.02354s ago] ()
SELECT "Historico".id AS "Historico_id", "Historico"."Inventario_id" AS "Historico_Inventario_id", "Historico"."IdItemAlterado" AS "Historico_IdItemAlterado", "Historico"."TiposAlteracao" AS "Historico_TiposAlteracao", "Historico"."VersaoAnterior" AS "Historico_VersaoAnterior", "Historico"."VersaoAtual" AS "Historico_VersaoAtual", "Historico".revertido AS "Historico_revertido" 
FROM "Historico"
[generated in 0.00050s] ()
SELECT "Inventario".id AS "Inventario_id" 
FROM "Inventario"
 LIMIT ? OFFSET ?
[generated in 0.00056s] (1, 0)
INSERT INTO itens ("Visivel", "Ca", "CodUnico", "TipoEpi", "Dono", "Usos", "DataDescarte", "DataDevolucao", "Descartado", "InventarioId", "DataDeletar") VALUES (?, ?, ?, ?, ?, ?, ?, ?, ?, ?, ?)
[generated in 0.00065s] (1, 'ewrew', 'EWWewre3131', 'capacete', 'ewwtew', '["tretrey"]', '2026-03-31', '2026-03-31', 0, 1, None)
COMMIT
BEGIN (implicit)
SELECT itens.id AS itens_id, itens."Visivel" AS "itens_Visivel", itens."Ca" AS "itens_Ca", itens."CodUnico" AS "itens_CodUnico", itens."TipoEpi" AS "itens_TipoEpi", itens."Dono" AS "itens_Dono", itens."Usos" AS "itens_Usos", itens."DataDescarte" AS "itens_DataDescarte", itens."DataDevolucao" AS "itens_DataDevolucao", itens."Descartado" AS "itens_Descartado", itens."InventarioId" AS "itens_InventarioId", itens."DataDeletar" AS "itens_DataDeletar" 
FROM itens 
WHERE itens."Visivel" = 1
[cached since 5.919s ago] ()
