BEGIN (implicit)
SELECT count(*) AS count_1 
FROM (SELECT itens.id AS itens_id, itens."CadastradoPor" AS "itens_CadastradoPor", itens."Visivel" AS "itens_Visivel", itens."Ca" AS "itens_Ca", itens."CodUnico" AS "itens_CodUnico", itens."TipoEpi" AS "itens_TipoEpi", itens."Dono" AS "itens_Dono", itens."Usos" AS "itens_Usos", itens."DataDescarte" AS "itens_DataDescarte", itens."DataDevolucao" AS "itens_DataDevolucao", itens."Descartado" AS "itens_Descartado", itens."InventarioId" AS "itens_InventarioId", itens."DataDeletar" AS "itens_DataDeletar" 
FROM itens 
WHERE itens."Visivel" = 1) AS anon_1
[generated in 0.00043s] ()
SELECT itens.id AS itens_id, itens."CadastradoPor" AS "itens_CadastradoPor", itens."Visivel" AS "itens_Visivel", itens."Ca" AS "itens_Ca", itens."CodUnico" AS "itens_CodUnico", itens."TipoEpi" AS "itens_TipoEpi", itens."Dono" AS "itens_Dono", itens."Usos" AS "itens_Usos", itens."DataDescarte" AS "itens_DataDescarte", itens."DataDevolucao" AS "itens_DataDevolucao", itens."Descartado" AS "itens_Descartado", itens."InventarioId" AS "itens_InventarioId", itens."DataDeletar" AS "itens_DataDeletar" 
FROM itens 
WHERE itens."Visivel" = 1
 LIMIT ? OFFSET ?
[generated in 0.00124s] (30, 0)
SELECT "Reverter".id AS "Reverter_id", "Reverter"."Inventario_id" AS "Reverter_Inventario_id", "Reverter"."IdItemAlterado" AS "Reverter_IdItemAlterado", "Reverter"."TiposAlteracao" AS "Reverter_TiposAlteracao", "Reverter"."VersaoAnterior" AS "Reverter_VersaoAnterior", "Reverter"."VersaoAtual" AS "Reverter_VersaoAtual", "Reverter".revertido AS "Reverter_revertido" 
FROM "Reverter"
[generated in 0.00060s] ()
SELECT "Historico".id AS "Historico_id", "Historico"."Inventario_id" AS "Historico_Inventario_id", "Historico"."IdItemAlterado" AS "Historico_IdItemAlterado", "Historico"."TiposAlteracao" AS "Historico_TiposAlteracao", "Historico"."VersaoAnterior" AS "Historico_VersaoAnterior", "Historico"."VersaoAtual" AS "Historico_VersaoAtual" 
FROM "Historico"
[generated in 0.00076s] ()
SELECT itens.id AS itens_id, itens."CadastradoPor" AS "itens_CadastradoPor", itens."Visivel" AS "itens_Visivel", itens."Ca" AS "itens_Ca", itens."CodUnico" AS "itens_CodUnico", itens."TipoEpi" AS "itens_TipoEpi", itens."Dono" AS "itens_Dono", itens."Usos" AS "itens_Usos", itens."DataDescarte" AS "itens_DataDescarte", itens."DataDevolucao" AS "itens_DataDevolucao", itens."Descartado" AS "itens_Descartado", itens."InventarioId" AS "itens_InventarioId", itens."DataDeletar" AS "itens_DataDeletar" 
FROM itens 
WHERE itens."Visivel" = 1 AND itens."Descartado" = 0
[generated in 0.00079s] ()
